2023-04-02 23:03:31.919848 - Initialized conversion of CBT264
2023-04-02 23:03:32.586274 - Received SBGOLOB.CBT505.FILE264 from FILE264.XMI 
2023-04-02 23:03:32.589113 - Found $$$$READ.txt (text/plain) in SBGOLOB.CBT505.FILE264, moved to FILE264/$$$$READ
2023-04-02 23:03:32.590247 - Found $$$#DATE.txt (text/plain) in SBGOLOB.CBT505.FILE264, moved to FILE264/$$$#DATE
2023-04-02 23:03:32.591574 - Found $$DOC264.txt (text/plain) in SBGOLOB.CBT505.FILE264, moved to FILE264/$$DOC264
2023-04-02 23:03:32.592619 - Found $$INDEX.txt (text/plain) in SBGOLOB.CBT505.FILE264, moved to FILE264/$$INDEX
2023-04-02 23:03:32.593993 - Found $$NOTE00.txt (text/plain) in SBGOLOB.CBT505.FILE264, moved to FILE264/$$NOTE00
2023-04-02 23:03:32.595020 - Found $$NOTE01.txt (text/plain) in SBGOLOB.CBT505.FILE264, moved to FILE264/$$NOTE01
2023-04-02 23:03:32.596239 - Found $$NOTE02.txt (text/plain) in SBGOLOB.CBT505.FILE264, moved to FILE264/$$NOTE02
2023-04-02 23:03:32.597253 - Found $$NOTE03.txt (text/plain) in SBGOLOB.CBT505.FILE264, moved to FILE264/$$NOTE03
2023-04-02 23:03:32.598170 - Found $$NOTE04.txt (text/plain) in SBGOLOB.CBT505.FILE264, moved to FILE264/$$NOTE04
2023-04-02 23:03:32.599107 - Found $$NOTE05.txt (text/plain) in SBGOLOB.CBT505.FILE264, moved to FILE264/$$NOTE05
2023-04-02 23:03:32.600094 - Found $$NOTE06.txt (text/plain) in SBGOLOB.CBT505.FILE264, moved to FILE264/$$NOTE06
2023-04-02 23:03:32.601084 - Found $$READ$$.txt (text/plain) in SBGOLOB.CBT505.FILE264, moved to FILE264/$$READ$$
2023-04-02 23:03:32.602255 - Found $ASSEMBL.jcl (text/plain) in SBGOLOB.CBT505.FILE264, moved to FILE264/$ASSEMBL
2023-04-02 23:03:32.603531 - Found $BFGMSG.txt (text/plain) in SBGOLOB.CBT505.FILE264, moved to FILE264/$BFGMSG
2023-04-02 23:03:32.604574 - Found $BFGMSGC.txt (text/plain) in SBGOLOB.CBT505.FILE264, moved to FILE264/$BFGMSGC
2023-04-02 23:03:32.605609 - Found $BFGMSGD.txt (text/plain) in SBGOLOB.CBT505.FILE264, moved to FILE264/$BFGMSGD
2023-04-02 23:03:32.606510 - Found $DLOOK.txt (text/plain) in SBGOLOB.CBT505.FILE264, moved to FILE264/$DLOOK
2023-04-02 23:03:32.607607 - Found $IJLOG.jcl (text/plain) in SBGOLOB.CBT505.FILE264, moved to FILE264/$IJLOG
2023-04-02 23:03:32.608844 - Found $ILOOK.jcl (text/plain) in SBGOLOB.CBT505.FILE264, moved to FILE264/$ILOOK
2023-04-02 23:03:32.609744 - Found #DUDASD.txt (text/plain) in SBGOLOB.CBT505.FILE264, moved to FILE264/#DUDASD
2023-04-02 23:03:32.610584 - Found @FILE264.txt (text/plain) in SBGOLOB.CBT505.FILE264, moved to FILE264/@FILE264
2023-04-02 23:03:32.610594 - Found CBBLOBJ.bin containing application/octet-stream, moved to FILE264/CBBLOBJ
2023-04-02 23:03:32.612687 - Found CBMACS.txt (text/plain) in SBGOLOB.CBT505.FILE264, moved to FILE264/CBMACS
2023-04-02 23:03:32.613628 - Found CBMACSE.txt (text/plain) in SBGOLOB.CBT505.FILE264, moved to FILE264/CBMACSE
2023-04-02 23:03:32.614531 - Found CBMACSE1.txt (text/plain) in SBGOLOB.CBT505.FILE264, moved to FILE264/CBMACSE1
2023-04-02 23:03:32.615832 - Found CBMACSE2.txt (text/plain) in SBGOLOB.CBT505.FILE264, moved to FILE264/CBMACSE2
2023-04-02 23:03:32.616839 - Found CBMACSE3.txt (text/plain) in SBGOLOB.CBT505.FILE264, moved to FILE264/CBMACSE3
2023-04-02 23:03:32.617785 - Found DUDASD.txt (text/plain) in SBGOLOB.CBT505.FILE264, moved to FILE264/DUDASD
2023-04-02 23:03:32.618637 - Found DUDASD$.jcl (text/plain) in SBGOLOB.CBT505.FILE264, moved to FILE264/DUDASD$
2023-04-02 23:03:32.619570 - Found DUDASD00.jcl (text/plain) in SBGOLOB.CBT505.FILE264, moved to FILE264/DUDASD00
2023-04-02 23:03:32.620755 - Found DUDASD01.txt (text/plain) in SBGOLOB.CBT505.FILE264, moved to FILE264/DUDASD01
2023-04-02 23:03:32.621737 - Found IKJCTLT.txt (text/plain) in SBGOLOB.CBT505.FILE264, moved to FILE264/IKJCTLT
2023-04-02 23:03:32.622774 - Found IKJEFLWC.txt (text/plain) in SBGOLOB.CBT505.FILE264, moved to FILE264/IKJEFLWC
2023-04-02 23:03:32.623780 - Found IKJTPVT.txt (text/plain) in SBGOLOB.CBT505.FILE264, moved to FILE264/IKJTPVT
2023-04-02 23:03:32.624907 - Found JLOG.txt (text/plain) in SBGOLOB.CBT505.FILE264, moved to FILE264/JLOG
2023-04-02 23:03:32.626019 - Found JVDENTER.txt (text/plain) in SBGOLOB.CBT505.FILE264, moved to FILE264/JVDENTER
2023-04-02 23:03:32.627084 - Found JVDEQU.txt (text/plain) in SBGOLOB.CBT505.FILE264, moved to FILE264/JVDEQU
2023-04-02 23:03:32.628102 - Found JVDLEAVE.txt (text/plain) in SBGOLOB.CBT505.FILE264, moved to FILE264/JVDLEAVE
2023-04-02 23:03:32.629077 - Found KEYT.txt (text/plain) in SBGOLOB.CBT505.FILE264, moved to FILE264/KEYT
2023-04-02 23:03:32.630138 - Found KEYVAL.txt (text/plain) in SBGOLOB.CBT505.FILE264, moved to FILE264/KEYVAL
2023-04-02 23:03:32.661820 - Found LOADLIB.xmi (application/xmit) in SBGOLOB.CBT505.FILE264
2023-04-02 23:03:32.673400   - Received RECFM=U data, stored XMIT file as CBT264/LOADLIB.xmi
2023-04-02 23:03:32.674479 - Found LOOK.txt (text/plain) in SBGOLOB.CBT505.FILE264, moved to FILE264/LOOK
2023-04-02 23:03:32.675449 - Found LOOK$.jcl (text/plain) in SBGOLOB.CBT505.FILE264, moved to FILE264/LOOK$
2023-04-02 23:03:32.676434 - Found LOOK$$.jcl (text/plain) in SBGOLOB.CBT505.FILE264, moved to FILE264/LOOK$$
2023-04-02 23:03:32.677521 - Found LOOK$$$.jcl (text/plain) in SBGOLOB.CBT505.FILE264, moved to FILE264/LOOK$$$
2023-04-02 23:03:32.678635 - Found LOOKN.txt (text/plain) in SBGOLOB.CBT505.FILE264, moved to FILE264/LOOKN
2023-04-02 23:03:32.679679 - Found LOOKN1.txt (text/plain) in SBGOLOB.CBT505.FILE264, moved to FILE264/LOOKN1
2023-04-02 23:03:32.680744 - Found LOOK00.txt (text/plain) in SBGOLOB.CBT505.FILE264, moved to FILE264/LOOK00
2023-04-02 23:03:32.682290 - Found LOOK01.txt (text/plain) in SBGOLOB.CBT505.FILE264, moved to FILE264/LOOK01
2023-04-02 23:03:32.683440 - Found LOOK02.txt (text/plain) in SBGOLOB.CBT505.FILE264, moved to FILE264/LOOK02
2023-04-02 23:03:32.684402 - Found LOOK02$.jcl (text/plain) in SBGOLOB.CBT505.FILE264, moved to FILE264/LOOK02$
2023-04-02 23:03:32.685746 - Found LOOK31.txt (text/plain) in SBGOLOB.CBT505.FILE264, moved to FILE264/LOOK31
2023-04-02 23:03:32.686765 - Found LOOK31$.jcl (text/plain) in SBGOLOB.CBT505.FILE264, moved to FILE264/LOOK31$
2023-04-02 23:03:32.687727 - Found PROLOGUE.txt (text/plain) in SBGOLOB.CBT505.FILE264, moved to FILE264/PROLOGUE
2023-04-02 23:03:32.688696 - Found REQUATE.txt (text/plain) in SBGOLOB.CBT505.FILE264, moved to FILE264/REQUATE
2023-04-02 23:03:32.689836 - Found SHOWMACS.jcl (text/plain) in SBGOLOB.CBT505.FILE264, moved to FILE264/SHOWMACS
2023-04-02 23:03:32.690907 - Found UKEYCSA.txt (text/plain) in SBGOLOB.CBT505.FILE264, moved to FILE264/UKEYCSA
2023-04-02 23:03:32.692100 - Found UKEYCSA$.jcl (text/plain) in SBGOLOB.CBT505.FILE264, moved to FILE264/UKEYCSA$
2023-04-02 23:03:32.693149 - Found UKEYCSA@.txt (text/plain) in SBGOLOB.CBT505.FILE264, moved to FILE264/UKEYCSA@
